
2016-04-06 10:54:11 INFO  Utf8Control:31 - Bundle is converted successful to UTF-8
2016-04-06 10:54:11 INFO  Utf8Control:31 - Bundle is converted successful to UTF-8
2016-04-06 10:54:11 INFO  GreetingApp:33 - The bundle is on language: СЂСѓСЃСЃРєРёР№
2016-04-06 10:54:11 INFO  GreetingApp:84 - Entering the printMessage method
2016-04-06 10:54:11 INFO  GreetingApp:46 - Entering the sayGreeting method
2016-04-06 10:54:11 INFO  GreetingApp:54 - The sayGreeting method returned the value "day"
2016-04-06 10:54:11 INFO  GreetingApp:76 - Entering the generateMessage method
2016-04-06 10:54:11 INFO  GreetingApp:78 - The generateMessage returned the message "Р”РѕР±СЂС‹Р№ РґРµРЅСЊ, РњРёСЂ!"
2016-04-06 11:15:32 INFO  Utf8Control:31 - Bundle is converted successful to UTF-8
2016-04-06 11:15:32 INFO  Utf8Control:31 - Bundle is converted successful to UTF-8
2016-04-06 11:15:32 INFO  GreetingApp:33 - The bundle is on language: СЂСѓСЃСЃРєРёР№
2016-04-06 11:15:32 INFO  GreetingApp:86 - Entering the printMessage method
2016-04-06 11:15:32 INFO  GreetingApp:48 - Entering the sayGreeting method
2016-04-06 11:15:32 INFO  GreetingApp:56 - The sayGreeting method returned the value "day"
2016-04-06 11:15:32 INFO  GreetingApp:78 - Entering the generateMessage method
2016-04-06 11:15:32 INFO  GreetingApp:80 - The generateMessage returned the message "Р”РѕР±СЂС‹Р№ РґРµРЅСЊ, РњРёСЂ!"
2016-04-06 11:15:32 INFO  GreetingApp:86 - Entering the printMessage method
2016-04-06 11:15:32 INFO  GreetingApp:48 - Entering the sayGreeting method
2016-04-06 11:15:32 INFO  GreetingApp:56 - The sayGreeting method returned the value "day"
2016-04-06 11:15:32 INFO  GreetingApp:78 - Entering the generateMessage method
2016-04-06 11:15:32 INFO  GreetingApp:80 - The generateMessage returned the message "Р”РѕР±СЂС‹Р№ РґРµРЅСЊ, РњРёСЂ!"
2016-04-06 11:15:50 INFO  Utf8Control:31 - Bundle is converted successful to UTF-8
2016-04-06 11:15:50 INFO  Utf8Control:31 - Bundle is converted successful to UTF-8
2016-04-06 11:15:50 INFO  GreetingApp:33 - The bundle is on language: СЂСѓСЃСЃРєРёР№
2016-04-06 11:15:50 INFO  GreetingApp:86 - Entering the printMessage method
2016-04-06 11:15:50 INFO  GreetingApp:48 - Entering the sayGreeting method
2016-04-06 11:15:50 INFO  GreetingApp:56 - The sayGreeting method returned the value "day"
2016-04-06 11:15:50 INFO  GreetingApp:78 - Entering the generateMessage method
2016-04-06 11:15:50 INFO  GreetingApp:80 - The generateMessage returned the message "Р”РѕР±СЂС‹Р№ РґРµРЅСЊ, РњРёСЂ!"
2016-04-06 11:15:50 INFO  GreetingApp:86 - Entering the printMessage method
2016-04-06 11:15:50 INFO  GreetingApp:48 - Entering the sayGreeting method
2016-04-06 11:15:50 INFO  GreetingApp:56 - The sayGreeting method returned the value "day"
2016-04-06 11:15:50 INFO  GreetingApp:78 - Entering the generateMessage method
2016-04-06 11:15:50 INFO  GreetingApp:80 - The generateMessage returned the message "Р”РѕР±СЂС‹Р№ РґРµРЅСЊ, РњРёСЂ!"
2016-04-06 11:50:08 INFO  Utf8Control:31 - Bundle is converted successful to UTF-8
2016-04-06 11:50:08 INFO  Utf8Control:31 - Bundle is converted successful to UTF-8
2016-04-06 11:50:08 INFO  GreetingApp:42 - The bundle is on language: СЂСѓСЃСЃРєРёР№
2016-04-06 11:50:08 INFO  GreetingApp:97 - Entering the printMessage method
2016-04-06 11:50:08 INFO  GreetingApp:59 - Entering the sayGreeting method
2016-04-06 11:50:08 INFO  GreetingApp:67 - The sayGreeting method returned the value "day"
2016-04-06 11:50:08 INFO  GreetingApp:89 - Entering the generateMessage method
2016-04-06 11:50:08 INFO  GreetingApp:91 - The generateMessage returned the message "Р”РѕР±СЂС‹Р№ РґРµРЅСЊ, РњРёСЂ!"
2016-04-06 11:50:08 INFO  GreetingApp:97 - Entering the printMessage method
2016-04-06 11:50:08 INFO  GreetingApp:59 - Entering the sayGreeting method
2016-04-06 11:50:08 INFO  GreetingApp:67 - The sayGreeting method returned the value "day"
2016-04-06 11:50:08 INFO  GreetingApp:89 - Entering the generateMessage method
2016-04-06 11:50:08 INFO  GreetingApp:91 - The generateMessage returned the message "Р”РѕР±СЂС‹Р№ РґРµРЅСЊ, РњРёСЂ!"
2016-04-06 11:51:24 INFO  Utf8Control:31 - Bundle is converted successful to UTF-8
2016-04-06 11:51:24 INFO  Utf8Control:31 - Bundle is converted successful to UTF-8
2016-04-06 11:51:24 INFO  GreetingApp:42 - The bundle is on language: СЂСѓСЃСЃРєРёР№
2016-04-06 11:51:24 INFO  GreetingApp:97 - Entering the printMessage method
2016-04-06 11:51:24 INFO  GreetingApp:59 - Entering the sayGreeting method
2016-04-06 11:51:24 INFO  GreetingApp:67 - The sayGreeting method returned the value "day"
2016-04-06 11:51:24 INFO  GreetingApp:89 - Entering the generateMessage method
2016-04-06 11:51:24 INFO  GreetingApp:91 - The generateMessage returned the message "Р”РѕР±СЂС‹Р№ РґРµРЅСЊ, РњРёСЂ!"
2016-04-06 11:51:24 INFO  GreetingApp:97 - Entering the printMessage method
2016-04-06 11:51:24 INFO  GreetingApp:59 - Entering the sayGreeting method
2016-04-06 11:51:24 INFO  GreetingApp:67 - The sayGreeting method returned the value "day"
2016-04-06 11:51:24 INFO  GreetingApp:89 - Entering the generateMessage method
2016-04-06 11:51:24 INFO  GreetingApp:91 - The generateMessage returned the message "Р”РѕР±СЂС‹Р№ РґРµРЅСЊ, РњРёСЂ!"
2016-04-06 11:51:37 INFO  Utf8Control:31 - Bundle is converted successful to UTF-8
2016-04-06 11:51:37 INFO  Utf8Control:31 - Bundle is converted successful to UTF-8
2016-04-06 11:51:37 INFO  GreetingApp:42 - The bundle is on language: СЂСѓСЃСЃРєРёР№
2016-04-06 11:51:37 INFO  GreetingApp:97 - Entering the printMessage method
2016-04-06 11:51:37 INFO  GreetingApp:59 - Entering the sayGreeting method
2016-04-06 11:51:37 INFO  GreetingApp:67 - The sayGreeting method returned the value "day"
2016-04-06 11:51:37 INFO  GreetingApp:89 - Entering the generateMessage method
2016-04-06 11:51:37 INFO  GreetingApp:91 - The generateMessage returned the message "Р”РѕР±СЂС‹Р№ РґРµРЅСЊ, РњРёСЂ!"
2016-04-06 11:51:37 INFO  GreetingApp:97 - Entering the printMessage method
2016-04-06 11:51:37 INFO  GreetingApp:59 - Entering the sayGreeting method
2016-04-06 11:51:37 INFO  GreetingApp:67 - The sayGreeting method returned the value "day"
2016-04-06 11:51:37 INFO  GreetingApp:89 - Entering the generateMessage method
2016-04-06 11:51:37 INFO  GreetingApp:91 - The generateMessage returned the message "Р”РѕР±СЂС‹Р№ РґРµРЅСЊ, РњРёСЂ!"
2016-04-06 11:52:23 INFO  Utf8Control:31 - Bundle is converted successful to UTF-8
2016-04-06 11:52:23 INFO  Utf8Control:31 - Bundle is converted successful to UTF-8
2016-04-06 11:52:23 INFO  GreetingApp:42 - The bundle is on language: СЂСѓСЃСЃРєРёР№
2016-04-06 11:52:23 INFO  GreetingApp:97 - Entering the printMessage method
2016-04-06 11:52:23 INFO  GreetingApp:59 - Entering the sayGreeting method
2016-04-06 11:52:23 INFO  GreetingApp:67 - The sayGreeting method returned the value "day"
2016-04-06 11:52:23 INFO  GreetingApp:89 - Entering the generateMessage method
2016-04-06 11:52:23 INFO  GreetingApp:91 - The generateMessage returned the message "Р”РѕР±СЂС‹Р№ РґРµРЅСЊ, РњРёСЂ!"
2016-04-06 11:52:23 INFO  GreetingApp:97 - Entering the printMessage method
2016-04-06 11:52:23 INFO  GreetingApp:59 - Entering the sayGreeting method
2016-04-06 11:52:23 INFO  GreetingApp:67 - The sayGreeting method returned the value "day"
2016-04-06 11:52:23 INFO  GreetingApp:89 - Entering the generateMessage method
2016-04-06 11:52:23 INFO  GreetingApp:91 - The generateMessage returned the message "Р”РѕР±СЂС‹Р№ РґРµРЅСЊ, РњРёСЂ!"
2016-04-06 11:53:04 INFO  Utf8Control:31 - Bundle is converted successful to UTF-8
2016-04-06 11:53:04 INFO  Utf8Control:31 - Bundle is converted successful to UTF-8
2016-04-06 11:53:04 INFO  GreetingApp:42 - The bundle is on language: СЂСѓСЃСЃРєРёР№
2016-04-06 11:53:04 INFO  GreetingApp:97 - Entering the printMessage method
2016-04-06 11:53:04 INFO  GreetingApp:59 - Entering the sayGreeting method
2016-04-06 11:53:04 INFO  GreetingApp:67 - The sayGreeting method returned the value "day"
2016-04-06 11:53:04 INFO  GreetingApp:89 - Entering the generateMessage method
2016-04-06 11:53:04 INFO  GreetingApp:91 - The generateMessage returned the message "Р”РѕР±СЂС‹Р№ РґРµРЅСЊ, РњРёСЂ!"
2016-04-06 11:53:04 INFO  GreetingApp:97 - Entering the printMessage method
2016-04-06 11:53:04 INFO  GreetingApp:59 - Entering the sayGreeting method
2016-04-06 11:53:04 INFO  GreetingApp:72 - The sayGreeting method returned the value "evening"
2016-04-06 11:53:04 INFO  GreetingApp:89 - Entering the generateMessage method
2016-04-06 11:53:04 INFO  GreetingApp:91 - The generateMessage returned the message "Р”РѕР±СЂС‹Р№ РІРµС‡РµСЂ, РњРёСЂ!"
2016-04-06 11:53:55 INFO  Utf8Control:31 - Bundle is converted successful to UTF-8
2016-04-06 11:53:55 INFO  Utf8Control:31 - Bundle is converted successful to UTF-8
2016-04-06 11:53:55 INFO  GreetingApp:42 - The bundle is on language: СЂСѓСЃСЃРєРёР№
2016-04-06 11:53:55 INFO  GreetingApp:97 - Entering the printMessage method
2016-04-06 11:53:55 INFO  GreetingApp:59 - Entering the sayGreeting method
2016-04-06 11:53:55 INFO  GreetingApp:67 - The sayGreeting method returned the value "day"
2016-04-06 11:53:55 INFO  GreetingApp:89 - Entering the generateMessage method
2016-04-06 11:53:55 INFO  GreetingApp:91 - The generateMessage returned the message "Р”РѕР±СЂС‹Р№ РґРµРЅСЊ, РњРёСЂ!"
2016-04-06 11:53:55 INFO  GreetingApp:97 - Entering the printMessage method
2016-04-06 11:53:55 INFO  GreetingApp:59 - Entering the sayGreeting method
2016-04-06 11:53:55 INFO  GreetingApp:72 - The sayGreeting method returned the value "evening"
2016-04-06 11:53:55 INFO  GreetingApp:89 - Entering the generateMessage method
2016-04-06 11:53:55 INFO  GreetingApp:91 - The generateMessage returned the message "Р”РѕР±СЂС‹Р№ РІРµС‡РµСЂ, РњРёСЂ!"
2016-04-06 11:57:49 INFO  Utf8Control:31 - Bundle is converted successful to UTF-8
2016-04-06 11:57:49 INFO  Utf8Control:31 - Bundle is converted successful to UTF-8
2016-04-06 11:57:49 INFO  GreetingApp:42 - The bundle is on language: СЂСѓСЃСЃРєРёР№
2016-04-06 11:57:49 INFO  GreetingApp:99 - Entering the printMessage method
2016-04-06 11:57:49 INFO  GreetingApp:61 - Entering the sayGreeting method
2016-04-06 11:57:49 INFO  GreetingApp:69 - The sayGreeting method returned the value "day"
2016-04-06 11:57:49 INFO  GreetingApp:91 - Entering the generateMessage method
2016-04-06 11:57:49 INFO  GreetingApp:93 - The generateMessage returned the message "Р”РѕР±СЂС‹Р№ РґРµРЅСЊ, РњРёСЂ!"
2016-04-06 11:57:49 INFO  GreetingApp:99 - Entering the printMessage method
2016-04-06 11:57:49 INFO  GreetingApp:61 - Entering the sayGreeting method
2016-04-06 11:57:49 INFO  GreetingApp:74 - The sayGreeting method returned the value "evening"
2016-04-06 11:57:49 INFO  GreetingApp:91 - Entering the generateMessage method
2016-04-06 11:57:49 INFO  GreetingApp:93 - The generateMessage returned the message "Р”РѕР±СЂС‹Р№ РІРµС‡РµСЂ, РњРёСЂ!"
2016-04-06 11:58:18 INFO  Utf8Control:31 - Bundle is converted successful to UTF-8
2016-04-06 11:58:18 INFO  Utf8Control:31 - Bundle is converted successful to UTF-8
2016-04-06 11:58:18 INFO  GreetingApp:42 - The bundle is on language: СЂСѓСЃСЃРєРёР№
2016-04-06 11:58:18 INFO  GreetingApp:99 - Entering the printMessage method
2016-04-06 11:58:18 INFO  GreetingApp:61 - Entering the sayGreeting method
2016-04-06 11:58:18 INFO  GreetingApp:69 - The sayGreeting method returned the value "day"
2016-04-06 11:58:18 INFO  GreetingApp:91 - Entering the generateMessage method
2016-04-06 11:58:18 INFO  GreetingApp:93 - The generateMessage returned the message "Р”РѕР±СЂС‹Р№ РґРµРЅСЊ, РњРёСЂ!"
2016-04-06 11:58:18 INFO  GreetingApp:99 - Entering the printMessage method
2016-04-06 11:58:18 INFO  GreetingApp:61 - Entering the sayGreeting method
2016-04-06 11:58:18 INFO  GreetingApp:74 - The sayGreeting method returned the value "evening"
2016-04-06 11:58:18 INFO  GreetingApp:91 - Entering the generateMessage method
2016-04-06 11:58:18 INFO  GreetingApp:93 - The generateMessage returned the message "Р”РѕР±СЂС‹Р№ РІРµС‡РµСЂ, РњРёСЂ!"
2016-04-06 11:59:02 INFO  Utf8Control:31 - Bundle is converted successful to UTF-8
2016-04-06 11:59:02 INFO  Utf8Control:31 - Bundle is converted successful to UTF-8
2016-04-06 11:59:02 INFO  GreetingApp:42 - The bundle is on language: СЂСѓСЃСЃРєРёР№
2016-04-06 11:59:02 INFO  GreetingApp:99 - Entering the printMessage method
2016-04-06 11:59:02 INFO  GreetingApp:61 - Entering the sayGreeting method
2016-04-06 11:59:02 INFO  GreetingApp:69 - The sayGreeting method returned the value "day"
2016-04-06 11:59:02 INFO  GreetingApp:91 - Entering the generateMessage method
2016-04-06 11:59:02 INFO  GreetingApp:93 - The generateMessage returned the message "Р”РѕР±СЂС‹Р№ РґРµРЅСЊ, РњРёСЂ!"
2016-04-06 11:59:02 INFO  GreetingApp:99 - Entering the printMessage method
2016-04-06 11:59:02 INFO  GreetingApp:61 - Entering the sayGreeting method
2016-04-06 11:59:02 INFO  GreetingApp:74 - The sayGreeting method returned the value "evening"
2016-04-06 11:59:02 INFO  GreetingApp:91 - Entering the generateMessage method
2016-04-06 11:59:02 INFO  GreetingApp:93 - The generateMessage returned the message "Р”РѕР±СЂС‹Р№ РІРµС‡РµСЂ, РњРёСЂ!"
2016-04-06 11:59:19 INFO  Utf8Control:31 - Bundle is converted successful to UTF-8
2016-04-06 11:59:19 INFO  Utf8Control:31 - Bundle is converted successful to UTF-8
2016-04-06 11:59:19 INFO  GreetingApp:42 - The bundle is on language: СЂСѓСЃСЃРєРёР№
2016-04-06 11:59:19 INFO  GreetingApp:99 - Entering the printMessage method
2016-04-06 11:59:19 INFO  GreetingApp:61 - Entering the sayGreeting method
2016-04-06 11:59:19 INFO  GreetingApp:69 - The sayGreeting method returned the value "day"
2016-04-06 11:59:19 INFO  GreetingApp:91 - Entering the generateMessage method
2016-04-06 11:59:19 INFO  GreetingApp:93 - The generateMessage returned the message "Р”РѕР±СЂС‹Р№ РґРµРЅСЊ, РњРёСЂ!"
2016-04-06 11:59:19 INFO  GreetingApp:99 - Entering the printMessage method
2016-04-06 11:59:19 INFO  GreetingApp:61 - Entering the sayGreeting method
2016-04-06 11:59:19 INFO  GreetingApp:74 - The sayGreeting method returned the value "evening"
2016-04-06 11:59:19 INFO  GreetingApp:91 - Entering the generateMessage method
2016-04-06 11:59:19 INFO  GreetingApp:93 - The generateMessage returned the message "Р”РѕР±СЂС‹Р№ РІРµС‡РµСЂ, РњРёСЂ!"
2016-04-06 12:03:29 INFO  Utf8Control:31 - Bundle is converted successful to UTF-8
2016-04-06 12:03:29 INFO  Utf8Control:31 - Bundle is converted successful to UTF-8
2016-04-06 12:03:29 INFO  GreetingApp:42 - The bundle is on language: СЂСѓСЃСЃРєРёР№
2016-04-06 12:03:29 INFO  GreetingApp:99 - Entering the printMessage method
2016-04-06 12:03:29 INFO  GreetingApp:61 - Entering the sayGreeting method
2016-04-06 12:03:29 INFO  GreetingApp:69 - The sayGreeting method returned the value "day"
2016-04-06 12:03:29 INFO  GreetingApp:91 - Entering the generateMessage method
2016-04-06 12:03:29 INFO  GreetingApp:93 - The generateMessage returned the message "Р”РѕР±СЂС‹Р№ РґРµРЅСЊ, РњРёСЂ!"
2016-04-06 12:03:29 INFO  GreetingApp:99 - Entering the printMessage method
2016-04-06 12:03:29 INFO  GreetingApp:61 - Entering the sayGreeting method
2016-04-06 12:03:29 INFO  GreetingApp:74 - The sayGreeting method returned the value "evening"
2016-04-06 12:03:29 INFO  GreetingApp:91 - Entering the generateMessage method
2016-04-06 12:03:29 INFO  GreetingApp:93 - The generateMessage returned the message "Р”РѕР±СЂС‹Р№ РІРµС‡РµСЂ, РњРёСЂ!"
2016-04-06 12:05:48 INFO  Utf8Control:31 - Bundle is converted successful to UTF-8
2016-04-06 12:05:48 INFO  Utf8Control:31 - Bundle is converted successful to UTF-8
2016-04-06 12:05:48 INFO  GreetingApp:34 - The bundle is on language: СЂСѓСЃСЃРєРёР№
2016-04-06 12:05:48 INFO  GreetingApp:85 - Entering the printMessage method
2016-04-06 12:05:48 INFO  GreetingApp:47 - Entering the sayGreeting method
2016-04-06 12:06:11 INFO  Utf8Control:31 - Bundle is converted successful to UTF-8
2016-04-06 12:06:11 INFO  Utf8Control:31 - Bundle is converted successful to UTF-8
2016-04-06 12:06:11 INFO  GreetingApp:34 - The bundle is on language: СЂСѓСЃСЃРєРёР№
2016-04-06 12:06:11 INFO  GreetingApp:85 - Entering the printMessage method
2016-04-06 12:06:11 INFO  GreetingApp:47 - Entering the sayGreeting method
2016-04-06 12:06:11 INFO  GreetingApp:55 - The sayGreeting method returned the value "day"
2016-04-06 12:06:11 INFO  GreetingApp:77 - Entering the generateMessage method
2016-04-06 12:06:11 INFO  GreetingApp:79 - The generateMessage returned the message "Р”РѕР±СЂС‹Р№ РґРµРЅСЊ, РњРёСЂ!"
2016-04-06 13:01:30 INFO  Utf8Control:31 - Bundle is converted successful to UTF-8
2016-04-06 13:01:30 INFO  Utf8Control:31 - Bundle is converted successful to UTF-8
2016-04-06 13:01:30 INFO  GreetingApp:33 - The bundle is on language: русский
2016-04-06 13:01:30 INFO  GreetingApp:84 - Entering the printMessage method
2016-04-06 13:01:30 INFO  GreetingApp:46 - Entering the sayGreeting method
2016-04-06 13:01:30 INFO  GreetingApp:54 - The sayGreeting method returned the value "day"
2016-04-06 13:01:30 INFO  GreetingApp:76 - Entering the generateMessage method
2016-04-06 13:01:30 INFO  GreetingApp:78 - The generateMessage returned the message "Добрый день, Мир!"
2016-04-07 13:27:04 INFO  Utf8Control:31 - Bundle is converted successful to UTF-8
2016-04-07 13:27:04 INFO  Utf8Control:31 - Bundle is converted successful to UTF-8
2016-04-07 13:27:04 INFO  GreetingApp:77 - Entering the generateMessage method
2016-04-07 13:27:04 INFO  GreetingApp:79 - The generateMessage returned the message "Добрый день, Мир!"
2016-04-07 13:27:04 INFO  GreetingApp:77 - Entering the generateMessage method
2016-04-07 13:27:04 INFO  GreetingApp:79 - The generateMessage returned the message "Доброе утро, Мир!"
2016-04-07 13:27:04 INFO  GreetingApp:77 - Entering the generateMessage method
2016-04-07 13:27:04 INFO  GreetingApp:79 - The generateMessage returned the message "Добрый вечер, Мир!"
2016-04-07 13:27:04 INFO  GreetingApp:77 - Entering the generateMessage method
2016-04-07 13:27:04 INFO  GreetingApp:79 - The generateMessage returned the message "Доброй ночи, Мир!"
2016-04-07 13:27:04 INFO  GreetingApp:77 - Entering the generateMessage method
2016-04-07 13:27:04 INFO  GreetingApp:79 - The generateMessage returned the message "Guten Morgen, Welt!"
2016-04-07 13:27:04 INFO  GreetingApp:77 - Entering the generateMessage method
2016-04-07 13:27:04 INFO  GreetingApp:79 - The generateMessage returned the message "Доброе утро, Мир!"
2016-04-07 13:27:04 INFO  GreetingApp:77 - Entering the generateMessage method
2016-04-07 13:27:04 INFO  GreetingApp:79 - The generateMessage returned the message "Добрый день, Мир!"
2016-04-07 13:27:04 INFO  GreetingApp:77 - Entering the generateMessage method
2016-04-07 13:27:04 INFO  GreetingApp:79 - The generateMessage returned the message "Добрый вечер, Мир!"
2016-04-07 13:27:04 INFO  GreetingApp:77 - Entering the generateMessage method
2016-04-07 13:27:04 INFO  GreetingApp:79 - The generateMessage returned the message "Доброй ночи, Мир!"
2016-04-07 13:27:04 INFO  GreetingApp:77 - Entering the generateMessage method
2016-04-07 13:27:04 INFO  GreetingApp:79 - The generateMessage returned the message "Guten Morgen, Welt!"
2016-04-07 13:27:04 INFO  GreetingApp:77 - Entering the generateMessage method
2016-04-07 13:27:04 INFO  GreetingApp:79 - The generateMessage returned the message "Guten Tag, Welt!"
2016-04-07 13:27:04 INFO  GreetingApp:77 - Entering the generateMessage method
2016-04-07 13:27:04 INFO  GreetingApp:79 - The generateMessage returned the message "Guten Abend Welt!"
2016-04-07 13:27:04 INFO  GreetingApp:77 - Entering the generateMessage method
2016-04-07 13:27:04 INFO  GreetingApp:79 - The generateMessage returned the message "Gute Nacht, Welt!"
2016-04-07 13:27:04 INFO  GreetingApp:47 - Entering the sayGreeting method
2016-04-07 13:27:04 INFO  GreetingApp:55 - The sayGreeting method returned the value "day"
2016-04-07 13:27:04 INFO  GreetingApp:47 - Entering the sayGreeting method
2016-04-07 13:27:04 INFO  GreetingApp:50 - The sayGreeting method returned the value "morning"
2016-04-07 13:27:04 INFO  GreetingApp:47 - Entering the sayGreeting method
2016-04-07 13:27:04 INFO  GreetingApp:66 - The sayGreeting method returned the value "night"
2016-04-07 13:27:04 INFO  GreetingApp:47 - Entering the sayGreeting method
2016-04-07 13:27:04 INFO  GreetingApp:60 - The sayGreeting method returned the value "evening"
2016-04-07 13:28:47 INFO  Utf8Control:31 - Bundle is converted successful to UTF-8
2016-04-07 13:28:47 INFO  Utf8Control:31 - Bundle is converted successful to UTF-8
2016-04-07 13:28:47 INFO  GreetingApp:77 - Entering the generateMessage method
2016-04-07 13:28:47 INFO  GreetingApp:79 - The generateMessage returned the message "Добрый день, Мир!"
2016-04-07 13:28:47 INFO  GreetingApp:77 - Entering the generateMessage method
2016-04-07 13:28:47 INFO  GreetingApp:79 - The generateMessage returned the message "Доброе утро, Мир!"
2016-04-07 13:28:47 INFO  GreetingApp:77 - Entering the generateMessage method
2016-04-07 13:28:47 INFO  GreetingApp:79 - The generateMessage returned the message "Добрый вечер, Мир!"
2016-04-07 13:28:47 INFO  GreetingApp:77 - Entering the generateMessage method
2016-04-07 13:28:47 INFO  GreetingApp:79 - The generateMessage returned the message "Доброй ночи, Мир!"
2016-04-07 13:28:47 INFO  GreetingApp:77 - Entering the generateMessage method
2016-04-07 13:28:47 INFO  GreetingApp:79 - The generateMessage returned the message "Guten Morgen, Welt!"
2016-04-07 13:28:47 INFO  GreetingApp:77 - Entering the generateMessage method
2016-04-07 13:28:47 INFO  GreetingApp:79 - The generateMessage returned the message "Доброе утро, Мир!"
2016-04-07 13:28:47 INFO  GreetingApp:77 - Entering the generateMessage method
2016-04-07 13:28:47 INFO  GreetingApp:79 - The generateMessage returned the message "Добрый день, Мир!"
2016-04-07 13:28:47 INFO  GreetingApp:77 - Entering the generateMessage method
2016-04-07 13:28:47 INFO  GreetingApp:79 - The generateMessage returned the message "Добрый вечер, Мир!"
2016-04-07 13:28:47 INFO  GreetingApp:77 - Entering the generateMessage method
2016-04-07 13:28:48 INFO  GreetingApp:79 - The generateMessage returned the message "Доброй ночи, Мир!"
2016-04-07 13:28:48 INFO  GreetingApp:77 - Entering the generateMessage method
2016-04-07 13:28:48 INFO  GreetingApp:79 - The generateMessage returned the message "Guten Morgen, Welt!"
2016-04-07 13:28:48 INFO  GreetingApp:77 - Entering the generateMessage method
2016-04-07 13:28:48 INFO  GreetingApp:79 - The generateMessage returned the message "Guten Tag, Welt!"
2016-04-07 13:28:48 INFO  GreetingApp:77 - Entering the generateMessage method
2016-04-07 13:28:48 INFO  GreetingApp:79 - The generateMessage returned the message "Guten Abend Welt!"
2016-04-07 13:28:48 INFO  GreetingApp:77 - Entering the generateMessage method
2016-04-07 13:28:48 INFO  GreetingApp:79 - The generateMessage returned the message "Gute Nacht, Welt!"
2016-04-07 13:28:48 INFO  GreetingApp:47 - Entering the sayGreeting method
2016-04-07 13:28:48 INFO  GreetingApp:55 - The sayGreeting method returned the value "day"
2016-04-07 13:28:48 INFO  GreetingApp:47 - Entering the sayGreeting method
2016-04-07 13:28:48 INFO  GreetingApp:50 - The sayGreeting method returned the value "morning"
2016-04-07 13:28:48 INFO  GreetingApp:47 - Entering the sayGreeting method
2016-04-07 13:28:48 INFO  GreetingApp:66 - The sayGreeting method returned the value "night"
2016-04-07 13:28:48 INFO  GreetingApp:47 - Entering the sayGreeting method
2016-04-07 13:28:48 INFO  GreetingApp:60 - The sayGreeting method returned the value "evening"
2016-04-07 13:29:04 INFO  Utf8Control:31 - Bundle is converted successful to UTF-8
2016-04-07 13:29:04 INFO  Utf8Control:31 - Bundle is converted successful to UTF-8
2016-04-07 13:29:04 INFO  GreetingApp:77 - Entering the generateMessage method
2016-04-07 13:29:04 INFO  GreetingApp:79 - The generateMessage returned the message "Добрый день, Мир!"
2016-04-07 13:29:04 INFO  GreetingApp:77 - Entering the generateMessage method
2016-04-07 13:29:04 INFO  GreetingApp:79 - The generateMessage returned the message "Доброе утро, Мир!"
2016-04-07 13:29:04 INFO  GreetingApp:77 - Entering the generateMessage method
2016-04-07 13:29:04 INFO  GreetingApp:79 - The generateMessage returned the message "Добрый вечер, Мир!"
2016-04-07 13:29:04 INFO  GreetingApp:77 - Entering the generateMessage method
2016-04-07 13:29:04 INFO  GreetingApp:79 - The generateMessage returned the message "Доброй ночи, Мир!"
2016-04-07 13:29:04 INFO  GreetingApp:77 - Entering the generateMessage method
2016-04-07 13:29:04 INFO  GreetingApp:79 - The generateMessage returned the message "Guten Morgen, Welt!"
2016-04-07 13:29:04 INFO  GreetingApp:77 - Entering the generateMessage method
2016-04-07 13:29:04 INFO  GreetingApp:79 - The generateMessage returned the message "Доброе утро, Мир!"
2016-04-07 13:29:04 INFO  GreetingApp:77 - Entering the generateMessage method
2016-04-07 13:29:04 INFO  GreetingApp:79 - The generateMessage returned the message "Добрый день, Мир!"
2016-04-07 13:29:04 INFO  GreetingApp:77 - Entering the generateMessage method
2016-04-07 13:29:04 INFO  GreetingApp:79 - The generateMessage returned the message "Добрый вечер, Мир!"
2016-04-07 13:29:04 INFO  GreetingApp:77 - Entering the generateMessage method
2016-04-07 13:29:04 INFO  GreetingApp:79 - The generateMessage returned the message "Доброй ночи, Мир!"
2016-04-07 13:29:04 INFO  GreetingApp:77 - Entering the generateMessage method
2016-04-07 13:29:04 INFO  GreetingApp:79 - The generateMessage returned the message "Guten Morgen, Welt!"
2016-04-07 13:29:04 INFO  GreetingApp:77 - Entering the generateMessage method
2016-04-07 13:29:04 INFO  GreetingApp:79 - The generateMessage returned the message "Guten Tag, Welt!"
2016-04-07 13:29:04 INFO  GreetingApp:77 - Entering the generateMessage method
2016-04-07 13:29:04 INFO  GreetingApp:79 - The generateMessage returned the message "Guten Abend Welt!"
2016-04-07 13:29:04 INFO  GreetingApp:77 - Entering the generateMessage method
2016-04-07 13:29:04 INFO  GreetingApp:79 - The generateMessage returned the message "Gute Nacht, Welt!"
2016-04-07 13:29:04 INFO  GreetingApp:47 - Entering the sayGreeting method
2016-04-07 13:29:04 INFO  GreetingApp:55 - The sayGreeting method returned the value "day"
2016-04-07 13:29:04 INFO  GreetingApp:47 - Entering the sayGreeting method
2016-04-07 13:29:04 INFO  GreetingApp:50 - The sayGreeting method returned the value "morning"
2016-04-07 13:29:04 INFO  GreetingApp:47 - Entering the sayGreeting method
2016-04-07 13:29:04 INFO  GreetingApp:66 - The sayGreeting method returned the value "night"
2016-04-07 13:29:04 INFO  GreetingApp:47 - Entering the sayGreeting method
2016-04-07 13:29:04 INFO  GreetingApp:60 - The sayGreeting method returned the value "evening"
2016-04-07 14:13:08 INFO  Utf8Control:31 - Bundle is converted successful to UTF-8
2016-04-07 14:13:08 INFO  Utf8Control:31 - Bundle is converted successful to UTF-8
2016-04-07 14:13:08 INFO  GreetingApp:77 - Entering the generateMessage method
2016-04-07 14:13:08 INFO  GreetingApp:79 - The generateMessage returned the message "Р”РѕР±СЂС‹Р№ РґРµРЅСЊ, РњРёСЂ!"
2016-04-07 14:16:04 INFO  GreetingApp:77 - Entering the generateMessage method
2016-04-07 14:16:04 INFO  GreetingApp:79 - The generateMessage returned the message "ГђВ”ГђВѕГђВ±Г‘ВЂГ‘В‹ГђВ№ ГђВґГђВµГђВЅГ‘ВЊ, ГђВњГђВёГ‘ВЂ!"
2016-04-07 14:18:08 INFO  GreetingApp:77 - Entering the generateMessage method
2016-04-07 14:18:08 INFO  GreetingApp:79 - The generateMessage returned the message "ГђВ”ГђВѕГђВ±Г‘ВЂГ‘В‹ГђВ№ ГђВґГђВµГђВЅГ‘ВЊ, ГђВњГђВёГ‘ВЂ!"
2016-04-07 14:23:46 INFO  GreetingApp:77 - Entering the generateMessage method
2016-04-07 14:23:46 INFO  GreetingApp:79 - The generateMessage returned the message "ГђВ”ГђВѕГђВ±Г‘ВЂГ‘В‹ГђВ№ ГђВґГђВµГђВЅГ‘ВЊ, ГђВњГђВёГ‘ВЂ!"
2016-04-07 14:24:22 INFO  Utf8Control:31 - Bundle is converted successful to UTF-8
2016-04-07 14:24:22 INFO  Utf8Control:31 - Bundle is converted successful to UTF-8
2016-04-07 14:24:22 INFO  GreetingApp:77 - Entering the generateMessage method
2016-04-07 14:24:22 INFO  GreetingApp:79 - The generateMessage returned the message "Р”РѕР±СЂС‹Р№ РґРµРЅСЊ, РњРёСЂ!"
2016-04-07 14:41:07 INFO  Utf8Control:31 - Bundle is converted successful to UTF-8
2016-04-07 14:41:07 INFO  Utf8Control:31 - Bundle is converted successful to UTF-8
2016-04-07 14:41:07 INFO  GreetingApp:77 - Entering the generateMessage method
2016-04-07 14:41:07 INFO  GreetingApp:79 - The generateMessage returned the message "Р”РѕР±СЂС‹Р№ РґРµРЅСЊ, РњРёСЂ!"
2016-04-07 14:51:52 INFO  Utf8Control:31 - Bundle is converted successful to UTF-8
2016-04-07 14:51:52 INFO  Utf8Control:31 - Bundle is converted successful to UTF-8
2016-04-07 14:51:52 INFO  GreetingApp:77 - Entering the generateMessage method
2016-04-07 14:51:52 INFO  GreetingApp:79 - The generateMessage returned the message "Р”РѕР±СЂС‹Р№ РґРµРЅСЊ, РњРёСЂ!"
2016-04-07 14:56:16 INFO  Utf8Control:31 - Bundle is converted successful to UTF-8
2016-04-07 14:56:16 INFO  Utf8Control:31 - Bundle is converted successful to UTF-8
2016-04-07 14:56:16 INFO  GreetingApp:77 - Entering the generateMessage method
2016-04-07 14:56:16 INFO  GreetingApp:79 - The generateMessage returned the message "Р”РѕР±СЂРѕРµ СѓС‚СЂРѕ, РњРёСЂ!"
2016-04-07 14:58:33 INFO  Utf8Control:31 - Bundle is converted successful to UTF-8
2016-04-07 14:58:33 INFO  Utf8Control:31 - Bundle is converted successful to UTF-8
2016-04-07 14:58:33 INFO  GreetingApp:77 - Entering the generateMessage method
2016-04-07 14:58:33 INFO  GreetingApp:79 - The generateMessage returned the message "Good morning, World!"
2016-04-07 14:59:48 INFO  Utf8Control:31 - Bundle is converted successful to UTF-8
2016-04-07 14:59:48 INFO  Utf8Control:31 - Bundle is converted successful to UTF-8
2016-04-07 14:59:48 INFO  GreetingApp:77 - Entering the generateMessage method
2016-04-07 14:59:48 INFO  GreetingApp:79 - The generateMessage returned the message "Good day, World!"
2016-04-07 15:00:37 INFO  Utf8Control:31 - Bundle is converted successful to UTF-8
2016-04-07 15:00:37 INFO  Utf8Control:31 - Bundle is converted successful to UTF-8
2016-04-07 15:00:37 INFO  GreetingApp:77 - Entering the generateMessage method
2016-04-07 15:00:37 INFO  GreetingApp:79 - The generateMessage returned the message "Good day, World!"
2016-04-07 15:03:20 INFO  Utf8Control:31 - Bundle is converted successful to UTF-8
2016-04-07 15:03:20 INFO  GreetingApp:77 - Entering the generateMessage method
2016-04-07 15:03:20 INFO  GreetingApp:79 - The generateMessage returned the message "Good day, World!"
2016-04-07 15:12:16 INFO  Utf8Control:31 - Bundle is converted successful to UTF-8
2016-04-07 15:12:16 INFO  Utf8Control:31 - Bundle is converted successful to UTF-8
2016-04-07 15:12:16 INFO  GreetingApp:77 - Entering the generateMessage method
2016-04-07 15:12:16 INFO  GreetingApp:79 - The generateMessage returned the message "Good day, World!"
2016-04-07 15:12:55 INFO  GreetingApp:77 - Entering the generateMessage method
2016-04-07 15:12:55 INFO  GreetingApp:79 - The generateMessage returned the message "Р”РѕР±СЂРѕРіРѕ РґРЅСЏ, РњРёСЂ!"
2016-04-07 15:14:12 INFO  GreetingApp:77 - Entering the generateMessage method
2016-04-07 15:14:12 INFO  GreetingApp:79 - The generateMessage returned the message "Р”РѕР±СЂРѕРіРѕ РґРЅСЏ, РњРёСЂ!"
2016-04-07 15:14:48 INFO  GreetingApp:77 - Entering the generateMessage method
2016-04-07 15:14:48 INFO  GreetingApp:79 - The generateMessage returned the message "Р”РѕР±СЂРѕРіРѕ РґРЅСЏ!"
2016-04-07 15:15:44 INFO  GreetingApp:77 - Entering the generateMessage method
2016-04-07 15:15:44 INFO  GreetingApp:79 - The generateMessage returned the message "Р”РѕР±СЂРѕРіРѕ РґРЅСЏ!"
2016-04-07 15:16:57 INFO  Utf8Control:31 - Bundle is converted successful to UTF-8
2016-04-07 15:16:57 INFO  Utf8Control:31 - Bundle is converted successful to UTF-8
2016-04-07 15:16:57 INFO  GreetingApp:77 - Entering the generateMessage method
2016-04-07 15:16:57 INFO  GreetingApp:79 - The generateMessage returned the message "Good day, World!"
2016-04-07 15:23:27 INFO  Utf8Control:31 - Bundle is converted successful to UTF-8
2016-04-07 15:23:27 INFO  Utf8Control:31 - Bundle is converted successful to UTF-8
2016-04-07 15:23:27 INFO  GreetingApp:77 - Entering the generateMessage method
2016-04-07 15:23:27 INFO  GreetingApp:79 - The generateMessage returned the message "Good day, World!"
2016-04-07 15:27:25 INFO  GreetingApp:77 - Entering the generateMessage method
2016-04-07 15:27:25 INFO  GreetingApp:79 - The generateMessage returned the message "Р”РѕР±СЂРѕРіРѕ РґРЅСЏ!"
2016-04-07 15:28:05 INFO  GreetingApp:77 - Entering the generateMessage method
2016-04-07 15:28:05 INFO  GreetingApp:79 - The generateMessage returned the message "Good day, World!"
2016-04-07 15:28:24 INFO  GreetingApp:77 - Entering the generateMessage method
2016-04-07 15:28:24 INFO  GreetingApp:79 - The generateMessage returned the message "Good day, World!"
2016-04-07 15:28:45 INFO  Utf8Control:31 - Bundle is converted successful to UTF-8
2016-04-07 15:28:45 INFO  Utf8Control:31 - Bundle is converted successful to UTF-8
2016-04-07 15:28:45 INFO  GreetingApp:77 - Entering the generateMessage method
2016-04-07 15:28:45 INFO  GreetingApp:79 - The generateMessage returned the message "Good day, World!"
2016-04-07 15:29:53 INFO  Utf8Control:31 - Bundle is converted successful to UTF-8
2016-04-07 15:29:53 INFO  Utf8Control:31 - Bundle is converted successful to UTF-8
2016-04-07 15:29:53 INFO  GreetingApp:77 - Entering the generateMessage method
2016-04-07 15:29:53 INFO  GreetingApp:79 - The generateMessage returned the message "Good day, World!"
2016-04-07 15:31:03 INFO  GreetingApp:77 - Entering the generateMessage method
2016-04-07 15:31:03 INFO  GreetingApp:79 - The generateMessage returned the message "Р”РѕР±СЂРѕРіРѕ РґРЅСЏ!"
2016-04-07 15:31:45 INFO  GreetingApp:77 - Entering the generateMessage method
2016-04-07 15:31:45 INFO  GreetingApp:79 - The generateMessage returned the message "Р”РѕР±СЂРѕРіРѕ РґРЅСЏ!"
2016-04-07 15:32:03 INFO  GreetingApp:77 - Entering the generateMessage method
2016-04-07 15:32:03 INFO  GreetingApp:79 - The generateMessage returned the message "Р”РѕР±СЂРѕРіРѕ РґРЅСЏ!"
2016-04-07 15:32:25 INFO  GreetingApp:77 - Entering the generateMessage method
2016-04-07 15:32:25 INFO  GreetingApp:79 - The generateMessage returned the message "Р”РѕР±СЂРѕРіРѕ РґРЅСЏ!"
2016-04-07 15:33:13 INFO  GreetingApp:77 - Entering the generateMessage method
2016-04-07 15:33:47 INFO  GreetingApp:77 - Entering the generateMessage method
2016-04-07 15:34:09 INFO  GreetingApp:77 - Entering the generateMessage method
2016-04-07 15:34:36 INFO  GreetingApp:77 - Entering the generateMessage method
2016-04-07 15:34:49 INFO  Utf8Control:31 - Bundle is converted successful to UTF-8
2016-04-07 15:34:49 INFO  Utf8Control:31 - Bundle is converted successful to UTF-8
2016-04-07 15:34:49 INFO  GreetingApp:77 - Entering the generateMessage method
2016-04-07 15:34:49 INFO  GreetingApp:79 - The generateMessage returned the message "Good day, World!"
2016-04-07 15:35:48 INFO  GreetingApp:77 - Entering the generateMessage method
2016-04-07 15:35:48 INFO  GreetingApp:79 - The generateMessage returned the message "Р”РѕР±СЂРѕРіРѕ РґРЅСЏ!"
2016-04-07 15:36:19 INFO  GreetingApp:77 - Entering the generateMessage method
2016-04-07 15:36:19 INFO  GreetingApp:79 - The generateMessage returned the message "Р”РѕР±СЂРѕРіРѕ РґРЅСЏ!"
2016-04-07 15:36:37 INFO  GreetingApp:77 - Entering the generateMessage method
2016-04-07 15:37:27 INFO  GreetingApp:77 - Entering the generateMessage method
2016-04-07 15:37:53 INFO  GreetingApp:77 - Entering the generateMessage method
2016-04-07 15:37:53 INFO  GreetingApp:79 - The generateMessage returned the message "Р”РѕР±СЂРѕРіРѕ РґРЅСЏ!"
2016-04-07 15:38:13 INFO  GreetingApp:77 - Entering the generateMessage method
2016-04-07 15:38:13 INFO  GreetingApp:79 - The generateMessage returned the message "Р”РѕР±СЂРѕРіРѕ РґРЅСЏ!"
2016-04-07 15:52:02 INFO  Utf8Control:31 - Bundle is converted successful to UTF-8
2016-04-07 15:52:02 INFO  Utf8Control:31 - Bundle is converted successful to UTF-8
2016-04-07 15:52:02 INFO  GreetingApp:77 - Entering the generateMessage method
2016-04-07 15:52:02 INFO  GreetingApp:79 - The generateMessage returned the message "Good day, World!"
2016-04-07 15:52:33 INFO  GreetingApp:77 - Entering the generateMessage method
2016-04-07 15:52:33 INFO  GreetingApp:79 - The generateMessage returned the message "Good day, World!"
2016-04-07 15:53:10 INFO  GreetingApp:77 - Entering the generateMessage method
2016-04-07 15:53:10 INFO  GreetingApp:79 - The generateMessage returned the message "Good day, World!"
2016-04-07 15:54:02 INFO  Utf8Control:31 - Bundle is converted successful to UTF-8
2016-04-07 15:54:02 INFO  Utf8Control:31 - Bundle is converted successful to UTF-8
2016-04-07 15:54:02 INFO  GreetingApp:77 - Entering the generateMessage method
2016-04-07 15:54:02 INFO  GreetingApp:79 - The generateMessage returned the message "Good day, World!"
2016-04-07 15:54:16 INFO  Utf8Control:31 - Bundle is converted successful to UTF-8
2016-04-07 15:54:16 INFO  Utf8Control:31 - Bundle is converted successful to UTF-8
2016-04-07 15:54:16 INFO  GreetingApp:77 - Entering the generateMessage method
2016-04-07 15:54:16 INFO  GreetingApp:79 - The generateMessage returned the message "Good day, World!"
2016-04-07 15:57:55 INFO  GreetingApp:77 - Entering the generateMessage method
2016-04-07 15:57:55 INFO  GreetingApp:79 - The generateMessage returned the message "Good day, World!"
2016-04-07 15:58:22 INFO  GreetingApp:77 - Entering the generateMessage method
2016-04-07 15:58:22 INFO  GreetingApp:79 - The generateMessage returned the message "ГђВ”ГђВѕГђВ±Г‘ВЂГ‘В‹ГђВ№ ГђВґГђВµГђВЅГ‘ВЊ, ГђВњГђВёГ‘ВЂ!"
2016-04-07 15:59:27 INFO  Utf8Control:31 - Bundle is converted successful to UTF-8
2016-04-07 15:59:27 INFO  Utf8Control:31 - Bundle is converted successful to UTF-8
2016-04-07 15:59:27 INFO  GreetingApp:77 - Entering the generateMessage method
2016-04-07 15:59:27 INFO  GreetingApp:79 - The generateMessage returned the message "Р”РѕР±СЂС‹Р№ РґРµРЅСЊ, РњРёСЂ!"
2016-04-07 16:05:54 INFO  Utf8Control:31 - Bundle is converted successful to UTF-8
2016-04-07 16:05:54 INFO  Utf8Control:31 - Bundle is converted successful to UTF-8
2016-04-07 16:05:54 INFO  GreetingApp:77 - Entering the generateMessage method
2016-04-07 16:05:54 INFO  GreetingApp:79 - The generateMessage returned the message "Р”РѕР±СЂС‹Р№ РґРµРЅСЊ, РњРёСЂ!"
2016-04-07 16:05:54 INFO  GreetingApp:77 - Entering the generateMessage method
2016-04-07 16:05:54 INFO  GreetingApp:79 - The generateMessage returned the message "Р”РѕР±СЂРѕРµ СѓС‚СЂРѕ, РњРёСЂ!"
2016-04-07 16:05:54 INFO  GreetingApp:77 - Entering the generateMessage method
2016-04-07 16:05:54 INFO  GreetingApp:79 - The generateMessage returned the message "Р”РѕР±СЂРѕРіРѕ РґРЅСЏ!"
2016-04-07 16:05:54 INFO  GreetingApp:77 - Entering the generateMessage method
2016-04-07 16:05:54 INFO  GreetingApp:79 - The generateMessage returned the message "Р”РѕР±СЂС‹Р№ РІРµС‡РµСЂ, РњРёСЂ!"
2016-04-07 16:05:54 INFO  GreetingApp:77 - Entering the generateMessage method
2016-04-07 16:05:54 INFO  GreetingApp:79 - The generateMessage returned the message "Р”РѕР±СЂРѕР№ РЅРѕС‡Рё, РњРёСЂ!"
2016-04-07 16:05:54 INFO  GreetingApp:77 - Entering the generateMessage method
2016-04-07 16:05:54 INFO  GreetingApp:79 - The generateMessage returned the message "Guten Morgen, Welt!"
2016-04-07 16:14:25 INFO  GreetingApp:77 - Entering the generateMessage method
2016-04-07 16:14:25 INFO  GreetingApp:79 - The generateMessage returned the message "Р”РѕР±СЂРѕРіРѕ РґРЅСЏ, РњРёСЂ!"
2016-04-07 16:15:03 INFO  Utf8Control:31 - Bundle is converted successful to UTF-8
2016-04-07 16:15:03 INFO  Utf8Control:31 - Bundle is converted successful to UTF-8
2016-04-07 16:15:03 INFO  GreetingApp:77 - Entering the generateMessage method
2016-04-07 16:15:03 INFO  GreetingApp:79 - The generateMessage returned the message "Р”РѕР±СЂС‹Р№ РґРµРЅСЊ, РњРёСЂ!"
2016-04-07 16:15:55 INFO  GreetingApp:77 - Entering the generateMessage method
2016-04-07 16:15:55 INFO  GreetingApp:79 - The generateMessage returned the message "Р”РѕР±СЂРѕРіРѕ РґРЅСЏ, РњРёСЂ!"
2016-04-07 16:44:56 INFO  Utf8Control:31 - Bundle is converted successful to UTF-8
2016-04-07 16:44:56 INFO  Utf8Control:31 - Bundle is converted successful to UTF-8
2016-04-07 16:44:56 INFO  GreetingApp:77 - Entering the generateMessage method
2016-04-07 16:44:56 INFO  GreetingApp:79 - The generateMessage returned the message "Р”РѕР±СЂРѕРµ СѓС‚СЂРѕ, РњРёСЂ!"
2016-04-07 16:46:25 INFO  Utf8Control:31 - Bundle is converted successful to UTF-8
2016-04-07 16:46:25 INFO  Utf8Control:31 - Bundle is converted successful to UTF-8
2016-04-07 16:46:25 INFO  GreetingApp:77 - Entering the generateMessage method
2016-04-07 16:46:25 INFO  GreetingApp:79 - The generateMessage returned the message "Р”РѕР±СЂС‹Р№ РґРµРЅСЊ, РњРёСЂ!"
2016-04-07 16:46:25 INFO  GreetingApp:77 - Entering the generateMessage method
2016-04-07 16:46:25 INFO  GreetingApp:79 - The generateMessage returned the message "Р”РѕР±СЂРѕРµ СѓС‚СЂРѕ, РњРёСЂ!"
2016-04-07 16:46:25 INFO  GreetingApp:77 - Entering the generateMessage method
2016-04-07 16:46:25 INFO  GreetingApp:79 - The generateMessage returned the message "Р”РѕР±СЂС‹Р№ РІРµС‡РµСЂ, РњРёСЂ!"
2016-04-07 16:46:25 INFO  GreetingApp:77 - Entering the generateMessage method
2016-04-07 16:46:25 INFO  GreetingApp:79 - The generateMessage returned the message "Р”РѕР±СЂРѕР№ РЅРѕС‡Рё, РњРёСЂ!"
2016-04-07 16:54:36 INFO  GreetingApp:77 - Entering the generateMessage method
2016-04-07 16:54:36 INFO  GreetingApp:79 - The generateMessage returned the message "Р”РѕР±СЂРѕРµ СѓС‚СЂРѕ, РњРёСЂ!"
2016-04-07 16:54:49 INFO  GreetingApp:77 - Entering the generateMessage method
2016-04-07 16:54:49 INFO  GreetingApp:79 - The generateMessage returned the message "Р”РѕР±СЂРѕРіРѕ РґРЅСЏ, РњРёСЂ!"
2016-04-07 16:57:04 INFO  GreetingApp:77 - Entering the generateMessage method
2016-04-07 16:57:04 INFO  GreetingApp:79 - The generateMessage returned the message "Р”РѕР±СЂРѕРіРѕ РґРЅСЏ, РњРёСЂ!"
2016-04-07 16:57:04 INFO  GreetingApp:77 - Entering the generateMessage method
2016-04-07 16:57:04 INFO  GreetingApp:79 - The generateMessage returned the message "Р”РѕР±СЂРѕРµ СѓС‚СЂРѕ, РњРёСЂ!"
2016-04-07 16:57:04 INFO  GreetingApp:77 - Entering the generateMessage method
2016-04-07 16:57:04 INFO  GreetingApp:79 - The generateMessage returned the message "Р”РѕР±СЂС‹Р№ РІРµС‡РµСЂ, РњРёСЂ!"
2016-04-07 16:57:04 INFO  GreetingApp:77 - Entering the generateMessage method
2016-04-07 16:57:04 INFO  GreetingApp:79 - The generateMessage returned the message "Р”РѕР±СЂРѕР№ РЅРѕС‡Рё, РњРёСЂ!"
2016-04-07 16:58:50 INFO  GreetingApp:77 - Entering the generateMessage method
2016-04-07 16:58:50 INFO  GreetingApp:79 - The generateMessage returned the message "Guten Tag, Welt!"
2016-04-07 16:58:50 INFO  GreetingApp:77 - Entering the generateMessage method
2016-04-07 16:58:50 INFO  GreetingApp:79 - The generateMessage returned the message "Guten Morgen, Welt!"
2016-04-07 16:58:50 INFO  GreetingApp:77 - Entering the generateMessage method
2016-04-07 16:58:50 INFO  GreetingApp:79 - The generateMessage returned the message "Guten Abend Welt!"
2016-04-07 16:58:50 INFO  GreetingApp:77 - Entering the generateMessage method
2016-04-07 16:58:50 INFO  GreetingApp:79 - The generateMessage returned the message "Gute Nacht, Welt!"
2016-04-07 16:58:50 INFO  GreetingApp:77 - Entering the generateMessage method
2016-04-07 16:58:50 INFO  GreetingApp:79 - The generateMessage returned the message "Guten Morgen, Welt!"
2016-04-07 17:00:32 INFO  GreetingApp:77 - Entering the generateMessage method
2016-04-07 17:00:32 INFO  GreetingApp:79 - The generateMessage returned the message "Guten Tag, Welt!"
2016-04-07 17:00:32 INFO  GreetingApp:77 - Entering the generateMessage method
2016-04-07 17:00:32 INFO  GreetingApp:79 - The generateMessage returned the message "Guten Morgen, Welt!"
2016-04-07 17:00:32 INFO  GreetingApp:77 - Entering the generateMessage method
2016-04-07 17:00:32 INFO  GreetingApp:79 - The generateMessage returned the message "Guten Abend Welt!"
2016-04-07 17:00:32 INFO  GreetingApp:77 - Entering the generateMessage method
2016-04-07 17:00:32 INFO  GreetingApp:79 - The generateMessage returned the message "Gute Nacht, Welt!"
2016-04-07 17:00:32 INFO  GreetingApp:77 - Entering the generateMessage method
2016-04-07 17:00:32 INFO  GreetingApp:79 - The generateMessage returned the message "ГђВ”ГђВѕГђВ±Г‘ВЂГђВѕГђВµ Г‘ВѓГ‘В‚Г‘ВЂГђВѕ, ГђВњГђВёГ‘ВЂ!"
2016-04-07 17:04:09 INFO  Utf8Control:31 - Bundle is converted successful to UTF-8
2016-04-07 17:04:09 INFO  Utf8Control:31 - Bundle is converted successful to UTF-8
2016-04-07 17:04:09 INFO  GreetingApp:77 - Entering the generateMessage method
2016-04-07 17:04:09 INFO  GreetingApp:79 - The generateMessage returned the message "Р”РѕР±СЂС‹Р№ РґРµРЅСЊ, РњРёСЂ!"
2016-04-07 17:04:09 INFO  GreetingApp:77 - Entering the generateMessage method
2016-04-07 17:04:09 INFO  GreetingApp:79 - The generateMessage returned the message "Р”РѕР±СЂРѕРµ СѓС‚СЂРѕ, РњРёСЂ!"
2016-04-07 17:04:09 INFO  GreetingApp:77 - Entering the generateMessage method
2016-04-07 17:04:09 INFO  GreetingApp:79 - The generateMessage returned the message "Р”РѕР±СЂС‹Р№ РІРµС‡РµСЂ, РњРёСЂ!"
2016-04-07 17:04:09 INFO  GreetingApp:77 - Entering the generateMessage method
2016-04-07 17:04:09 INFO  GreetingApp:79 - The generateMessage returned the message "Р”РѕР±СЂРѕР№ РЅРѕС‡Рё, РњРёСЂ!"
2016-04-07 17:05:06 INFO  GreetingApp:77 - Entering the generateMessage method
2016-04-07 17:05:06 INFO  GreetingApp:79 - The generateMessage returned the message "Guten Morgen, Welt!"
2016-04-07 17:11:06 INFO  GreetingApp:77 - Entering the generateMessage method
2016-04-07 17:11:06 INFO  GreetingApp:79 - The generateMessage returned the message "ГђВ”ГђВѕГђВ±Г‘ВЂГ‘В‹ГђВ№ ГђВґГђВµГђВЅГ‘ВЊ, ГђВњГђВёГ‘ВЂ!"
2016-04-07 17:11:06 INFO  GreetingApp:77 - Entering the generateMessage method
2016-04-07 17:11:06 INFO  GreetingApp:79 - The generateMessage returned the message "ГђВ”ГђВѕГђВ±Г‘ВЂГђВѕГђВµ Г‘ВѓГ‘В‚Г‘ВЂГђВѕ, ГђВњГђВёГ‘ВЂ!"
2016-04-07 17:11:06 INFO  GreetingApp:77 - Entering the generateMessage method
2016-04-07 17:11:06 INFO  GreetingApp:79 - The generateMessage returned the message "ГђВ”ГђВѕГђВ±Г‘ВЂГ‘В‹ГђВ№ ГђВІГђВµГ‘В‡ГђВµГ‘ВЂ, ГђВњГђВёГ‘ВЂ!"
2016-04-07 17:11:06 INFO  GreetingApp:77 - Entering the generateMessage method
2016-04-07 17:11:06 INFO  GreetingApp:79 - The generateMessage returned the message "ГђВ”ГђВѕГђВ±Г‘ВЂГђВѕГђВ№ ГђВЅГђВѕГ‘В‡ГђВё, ГђВњГђВёГ‘ВЂ!"
2016-04-07 17:14:55 INFO  GreetingApp:77 - Entering the generateMessage method
2016-04-07 17:14:55 INFO  GreetingApp:79 - The generateMessage returned the message "ГђВ”ГђВѕГђВ±Г‘ВЂГђВѕГђВµ Г‘ВѓГ‘В‚Г‘ВЂГђВѕ, ГђВњГђВёГ‘ВЂ!"
2016-04-07 17:14:55 INFO  GreetingApp:77 - Entering the generateMessage method
2016-04-07 17:14:55 INFO  GreetingApp:79 - The generateMessage returned the message "ГђВ”ГђВѕГђВ±Г‘ВЂГ‘В‹ГђВ№ ГђВґГђВµГђВЅГ‘ВЊ, ГђВњГђВёГ‘ВЂ!"
2016-04-07 17:14:55 INFO  GreetingApp:77 - Entering the generateMessage method
2016-04-07 17:14:55 INFO  GreetingApp:79 - The generateMessage returned the message "ГђВ”ГђВѕГђВ±Г‘ВЂГ‘В‹ГђВ№ ГђВІГђВµГ‘В‡ГђВµГ‘ВЂ, ГђВњГђВёГ‘ВЂ!"
2016-04-07 17:14:55 INFO  GreetingApp:77 - Entering the generateMessage method
2016-04-07 17:14:55 INFO  GreetingApp:79 - The generateMessage returned the message "ГђВ”ГђВѕГђВ±Г‘ВЂГђВѕГђВ№ ГђВЅГђВѕГ‘В‡ГђВё, ГђВњГђВёГ‘ВЂ!"
2016-04-07 17:15:37 INFO  Utf8Control:31 - Bundle is converted successful to UTF-8
2016-04-07 17:15:37 INFO  Utf8Control:31 - Bundle is converted successful to UTF-8
2016-04-07 17:15:37 INFO  GreetingApp:77 - Entering the generateMessage method
2016-04-07 17:15:37 INFO  GreetingApp:79 - The generateMessage returned the message "Р”РѕР±СЂРѕРµ СѓС‚СЂРѕ, РњРёСЂ!"
2016-04-07 17:15:37 INFO  GreetingApp:77 - Entering the generateMessage method
2016-04-07 17:15:37 INFO  GreetingApp:79 - The generateMessage returned the message "Р”РѕР±СЂС‹Р№ РґРµРЅСЊ, РњРёСЂ!"
2016-04-07 17:15:37 INFO  GreetingApp:77 - Entering the generateMessage method
2016-04-07 17:15:37 INFO  GreetingApp:79 - The generateMessage returned the message "Р”РѕР±СЂС‹Р№ РІРµС‡РµСЂ, РњРёСЂ!"
2016-04-07 17:15:37 INFO  GreetingApp:77 - Entering the generateMessage method
2016-04-07 17:15:37 INFO  GreetingApp:79 - The generateMessage returned the message "Р”РѕР±СЂРѕР№ РЅРѕС‡Рё, РњРёСЂ!"
2016-04-07 17:17:04 INFO  GreetingApp:77 - Entering the generateMessage method
2016-04-07 17:17:04 INFO  GreetingApp:79 - The generateMessage returned the message "Guten Morgen, Welt!"
2016-04-07 17:17:04 INFO  GreetingApp:77 - Entering the generateMessage method
2016-04-07 17:17:04 INFO  GreetingApp:79 - The generateMessage returned the message "Guten Tag, Welt!"
2016-04-07 17:17:04 INFO  GreetingApp:77 - Entering the generateMessage method
2016-04-07 17:17:04 INFO  GreetingApp:79 - The generateMessage returned the message "Guten Abend Welt!"
2016-04-07 17:17:04 INFO  GreetingApp:77 - Entering the generateMessage method
2016-04-07 17:17:04 INFO  GreetingApp:79 - The generateMessage returned the message "Gute Nacht, Welt!"
2016-04-07 17:19:28 INFO  Utf8Control:31 - Bundle is converted successful to UTF-8
2016-04-07 17:19:28 INFO  Utf8Control:31 - Bundle is converted successful to UTF-8
2016-04-07 17:19:28 INFO  GreetingApp:77 - Entering the generateMessage method
2016-04-07 17:19:28 INFO  GreetingApp:79 - The generateMessage returned the message "Р”РѕР±СЂРѕРµ СѓС‚СЂРѕ, РњРёСЂ!"
2016-04-07 17:19:28 INFO  GreetingApp:77 - Entering the generateMessage method
2016-04-07 17:19:28 INFO  GreetingApp:79 - The generateMessage returned the message "Р”РѕР±СЂС‹Р№ РґРµРЅСЊ, РњРёСЂ!"
2016-04-07 17:19:28 INFO  GreetingApp:77 - Entering the generateMessage method
2016-04-07 17:19:28 INFO  GreetingApp:79 - The generateMessage returned the message "Р”РѕР±СЂС‹Р№ РІРµС‡РµСЂ, РњРёСЂ!"
2016-04-07 17:19:28 INFO  GreetingApp:77 - Entering the generateMessage method
2016-04-07 17:19:28 INFO  GreetingApp:79 - The generateMessage returned the message "Р”РѕР±СЂРѕР№ РЅРѕС‡Рё, РњРёСЂ!"
2016-04-07 17:20:48 INFO  Utf8Control:31 - Bundle is converted successful to UTF-8
2016-04-07 17:20:48 INFO  Utf8Control:31 - Bundle is converted successful to UTF-8
2016-04-07 17:20:48 INFO  GreetingApp:77 - Entering the generateMessage method
2016-04-07 17:20:48 INFO  GreetingApp:79 - The generateMessage returned the message "Р”РѕР±СЂРѕРµ СѓС‚СЂРѕ, РњРёСЂ!"
2016-04-07 17:20:48 INFO  GreetingApp:77 - Entering the generateMessage method
2016-04-07 17:20:48 INFO  GreetingApp:79 - The generateMessage returned the message "Р”РѕР±СЂС‹Р№ РґРµРЅСЊ, РњРёСЂ!"
2016-04-07 17:20:48 INFO  GreetingApp:77 - Entering the generateMessage method
2016-04-07 17:20:48 INFO  GreetingApp:79 - The generateMessage returned the message "Р”РѕР±СЂС‹Р№ РІРµС‡РµСЂ, РњРёСЂ!"
2016-04-07 17:20:48 INFO  GreetingApp:77 - Entering the generateMessage method
2016-04-07 17:20:48 INFO  GreetingApp:79 - The generateMessage returned the message "Р”РѕР±СЂРѕР№ РЅРѕС‡Рё, РњРёСЂ!"
2016-04-07 18:04:49 INFO  Utf8Control:31 - Bundle is converted successful to UTF-8
2016-04-07 18:04:49 INFO  Utf8Control:31 - Bundle is converted successful to UTF-8
2016-04-07 18:04:49 INFO  GreetingApp:34 - The bundle is on language: СЂСѓСЃСЃРєРёР№
2016-04-07 18:04:49 INFO  GreetingApp:85 - Entering the printMessage method
2016-04-07 18:04:49 INFO  GreetingApp:47 - Entering the sayGreeting method
2016-04-07 18:04:49 INFO  GreetingApp:55 - The sayGreeting method returned the value "day"
2016-04-07 18:04:49 INFO  GreetingApp:77 - Entering the generateMessage method
2016-04-07 18:04:49 INFO  GreetingApp:79 - The generateMessage returned the message "Р”РѕР±СЂС‹Р№ РґРµРЅСЊ, РњРёСЂ!"
2016-04-07 18:17:50 INFO  GreetingApp:77 - Entering the generateMessage method
2016-04-07 18:17:50 INFO  GreetingApp:79 - The generateMessage returned the message "ГђВ”ГђВѕГђВ±Г‘ВЂГ‘В‹ГђВ№ ГђВґГђВµГђВЅГ‘ВЊ, ГђВњГђВёГ‘ВЂ!"
2016-04-07 18:17:50 INFO  GreetingApp:77 - Entering the generateMessage method
2016-04-07 18:17:50 INFO  GreetingApp:79 - The generateMessage returned the message "ГђВ”ГђВѕГђВ±Г‘ВЂГђВѕГђВµ Г‘ВѓГ‘В‚Г‘ВЂГђВѕ, ГђВњГђВёГ‘ВЂ!"
2016-04-07 18:17:50 INFO  GreetingApp:77 - Entering the generateMessage method
2016-04-07 18:17:50 INFO  GreetingApp:79 - The generateMessage returned the message "ГђВ”ГђВѕГђВ±Г‘ВЂГ‘В‹ГђВ№ ГђВІГђВµГ‘В‡ГђВµГ‘ВЂ, ГђВњГђВёГ‘ВЂ!"
2016-04-07 18:17:50 INFO  GreetingApp:77 - Entering the generateMessage method
2016-04-07 18:17:50 INFO  GreetingApp:79 - The generateMessage returned the message "ГђВ”ГђВѕГђВ±Г‘ВЂГђВѕГђВ№ ГђВЅГђВѕГ‘В‡ГђВё, ГђВњГђВёГ‘ВЂ!"
2016-04-07 18:18:26 INFO  GreetingApp:77 - Entering the generateMessage method
2016-04-07 18:18:26 INFO  GreetingApp:79 - The generateMessage returned the message "ГђВ”ГђВѕГђВ±Г‘ВЂГ‘В‹ГђВ№ ГђВґГђВµГђВЅГ‘ВЊ, ГђВњГђВёГ‘ВЂ!"
2016-04-07 18:21:10 INFO  GreetingApp:77 - Entering the generateMessage method
2016-04-07 18:21:10 INFO  GreetingApp:79 - The generateMessage returned the message "ГђВ”ГђВѕГђВ±Г‘ВЂГ‘В‹ГђВ№ ГђВґГђВµГђВЅГ‘ВЊ, ГђВњГђВёГ‘ВЂ!"
2016-04-07 18:21:10 INFO  GreetingApp:77 - Entering the generateMessage method
2016-04-07 18:21:10 INFO  GreetingApp:79 - The generateMessage returned the message "ГђВ”ГђВѕГђВ±Г‘ВЂГђВѕГђВµ Г‘ВѓГ‘В‚Г‘ВЂГђВѕ, ГђВњГђВёГ‘ВЂ!"
2016-04-07 18:21:10 INFO  GreetingApp:77 - Entering the generateMessage method
2016-04-07 18:21:10 INFO  GreetingApp:79 - The generateMessage returned the message "ГђВ”ГђВѕГђВ±Г‘ВЂГ‘В‹ГђВ№ ГђВІГђВµГ‘В‡ГђВµГ‘ВЂ, ГђВњГђВёГ‘ВЂ!"
2016-04-07 18:21:10 INFO  GreetingApp:77 - Entering the generateMessage method
2016-04-07 18:21:10 INFO  GreetingApp:79 - The generateMessage returned the message "ГђВ”ГђВѕГђВ±Г‘ВЂГђВѕГђВ№ ГђВЅГђВѕГ‘В‡ГђВё, ГђВњГђВёГ‘ВЂ!"
2016-04-07 18:21:44 INFO  Utf8Control:31 - Bundle is converted successful to UTF-8
2016-04-07 18:21:44 INFO  Utf8Control:31 - Bundle is converted successful to UTF-8
2016-04-07 18:21:44 INFO  GreetingApp:77 - Entering the generateMessage method
2016-04-07 18:21:44 INFO  GreetingApp:79 - The generateMessage returned the message "Р”РѕР±СЂС‹Р№ РґРµРЅСЊ, РњРёСЂ!"
2016-04-07 18:21:44 INFO  GreetingApp:77 - Entering the generateMessage method
2016-04-07 18:21:44 INFO  GreetingApp:79 - The generateMessage returned the message "Р”РѕР±СЂРѕРµ СѓС‚СЂРѕ, РњРёСЂ!"
2016-04-07 18:21:44 INFO  GreetingApp:77 - Entering the generateMessage method
2016-04-07 18:21:44 INFO  GreetingApp:79 - The generateMessage returned the message "Р”РѕР±СЂС‹Р№ РІРµС‡РµСЂ, РњРёСЂ!"
2016-04-07 18:21:44 INFO  GreetingApp:77 - Entering the generateMessage method
2016-04-07 18:21:44 INFO  GreetingApp:79 - The generateMessage returned the message "Р”РѕР±СЂРѕР№ РЅРѕС‡Рё, РњРёСЂ!"
2016-04-07 18:48:37 INFO  GreetingApp:77 - Entering the generateMessage method
2016-04-07 18:48:37 INFO  GreetingApp:79 - The generateMessage returned the message "ГђВ”ГђВѕГђВ±Г‘ВЂГђВѕГђВµ Г‘ВѓГ‘В‚Г‘ВЂГђВѕ, ГђВњГђВёГ‘ВЂ!"
2016-04-10 20:43:33 INFO  Utf8Control:31 - Bundle is converted successful to UTF-8
2016-04-10 20:43:33 INFO  Utf8Control:31 - Bundle is converted successful to UTF-8
2016-04-10 20:43:33 INFO  GreetingApp:34 - The bundle is on language: СЂСѓСЃСЃРєРёР№
2016-04-10 20:43:33 INFO  GreetingApp:85 - Entering the printMessage method
2016-04-10 20:43:33 INFO  GreetingApp:47 - Entering the sayGreeting method
2016-04-10 20:43:33 INFO  GreetingApp:60 - The sayGreeting method returned the value "evening"
2016-04-10 20:43:33 INFO  GreetingApp:77 - Entering the generateMessage method
2016-04-10 20:43:33 INFO  GreetingApp:79 - The generateMessage returned the message "Р”РѕР±СЂС‹Р№ РІРµС‡РµСЂ, РњРёСЂ!"
2016-04-10 20:43:54 INFO  GreetingApp:77 - Entering the generateMessage method
2016-04-10 20:43:54 INFO  GreetingApp:79 - The generateMessage returned the message "ГђВ”ГђВѕГђВ±Г‘ВЂГ‘В‹ГђВ№ ГђВґГђВµГђВЅГ‘ВЊ, ГђВњГђВёГ‘ВЂ!"
2016-04-10 20:43:54 INFO  GreetingApp:77 - Entering the generateMessage method
2016-04-10 20:43:54 INFO  GreetingApp:79 - The generateMessage returned the message "ГђВ”ГђВѕГђВ±Г‘ВЂГђВѕГђВµ Г‘ВѓГ‘В‚Г‘ВЂГђВѕ, ГђВњГђВёГ‘ВЂ!"
2016-04-10 20:43:55 INFO  GreetingApp:77 - Entering the generateMessage method
2016-04-10 20:43:55 INFO  GreetingApp:79 - The generateMessage returned the message "ГђВ”ГђВѕГђВ±Г‘ВЂГ‘В‹ГђВ№ ГђВІГђВµГ‘В‡ГђВµГ‘ВЂ, ГђВњГђВёГ‘ВЂ!"
2016-04-10 20:43:55 INFO  GreetingApp:77 - Entering the generateMessage method
2016-04-10 20:43:55 INFO  GreetingApp:79 - The generateMessage returned the message "ГђВ”ГђВѕГђВ±Г‘ВЂГђВѕГђВ№ ГђВЅГђВѕГ‘В‡ГђВё, ГђВњГђВёГ‘ВЂ!"
2016-04-10 21:02:02 INFO  GreetingApp:77 - Entering the generateMessage method
2016-04-10 21:02:02 INFO  GreetingApp:79 - The generateMessage returned the message "ГђВ”ГђВѕГђВ±Г‘ВЂГ‘В‹ГђВ№ ГђВґГђВµГђВЅГ‘ВЊ, ГђВњГђВёГ‘ВЂ!"
2016-04-10 21:02:02 INFO  GreetingApp:77 - Entering the generateMessage method
2016-04-10 21:02:02 INFO  GreetingApp:79 - The generateMessage returned the message "ГђВ”ГђВѕГђВ±Г‘ВЂГђВѕГђВµ Г‘ВѓГ‘В‚Г‘ВЂГђВѕ, ГђВњГђВёГ‘ВЂ!"
2016-04-10 21:02:02 INFO  GreetingApp:77 - Entering the generateMessage method
2016-04-10 21:02:02 INFO  GreetingApp:79 - The generateMessage returned the message "ГђВ”ГђВѕГђВ±Г‘ВЂГ‘В‹ГђВ№ ГђВІГђВµГ‘В‡ГђВµГ‘ВЂ, ГђВњГђВёГ‘ВЂ!"
2016-04-10 21:02:02 INFO  GreetingApp:77 - Entering the generateMessage method
2016-04-10 21:02:02 INFO  GreetingApp:79 - The generateMessage returned the message "ГђВ”ГђВѕГђВ±Г‘ВЂГђВѕГђВ№ ГђВЅГђВѕГ‘В‡ГђВё, ГђВњГђВёГ‘ВЂ!"
2016-04-10 21:02:25 INFO  Utf8Control:31 - Bundle is converted successful to UTF-8
2016-04-10 21:02:25 INFO  Utf8Control:31 - Bundle is converted successful to UTF-8
2016-04-10 21:02:25 INFO  GreetingApp:77 - Entering the generateMessage method
2016-04-10 21:02:25 INFO  GreetingApp:79 - The generateMessage returned the message "Р”РѕР±СЂС‹Р№ РґРµРЅСЊ, РњРёСЂ!"
2016-04-10 21:02:25 INFO  GreetingApp:77 - Entering the generateMessage method
2016-04-10 21:02:25 INFO  GreetingApp:79 - The generateMessage returned the message "Р”РѕР±СЂРѕРµ СѓС‚СЂРѕ, РњРёСЂ!"
2016-04-10 21:02:25 INFO  GreetingApp:77 - Entering the generateMessage method
2016-04-10 21:02:25 INFO  GreetingApp:79 - The generateMessage returned the message "Р”РѕР±СЂС‹Р№ РІРµС‡РµСЂ, РњРёСЂ!"
2016-04-10 21:02:25 INFO  GreetingApp:77 - Entering the generateMessage method
2016-04-10 21:02:25 INFO  GreetingApp:79 - The generateMessage returned the message "Р”РѕР±СЂРѕР№ РЅРѕС‡Рё, РњРёСЂ!"
2016-04-10 21:03:20 INFO  Utf8Control:31 - Bundle is converted successful to UTF-8
2016-04-10 21:03:20 INFO  Utf8Control:31 - Bundle is converted successful to UTF-8
2016-04-10 21:03:20 INFO  GreetingApp:77 - Entering the generateMessage method
2016-04-10 21:03:20 INFO  GreetingApp:79 - The generateMessage returned the message "Р”РѕР±СЂС‹Р№ РґРµРЅСЊ, РњРёСЂ!"
2016-04-10 21:03:20 INFO  GreetingApp:77 - Entering the generateMessage method
2016-04-10 21:03:20 INFO  GreetingApp:79 - The generateMessage returned the message "Р”РѕР±СЂРѕРµ СѓС‚СЂРѕ, РњРёСЂ!"
2016-04-10 21:03:20 INFO  GreetingApp:77 - Entering the generateMessage method
2016-04-10 21:03:20 INFO  GreetingApp:79 - The generateMessage returned the message "Р”РѕР±СЂС‹Р№ РІРµС‡РµСЂ, РњРёСЂ!"
2016-04-10 21:03:20 INFO  GreetingApp:77 - Entering the generateMessage method
2016-04-10 21:03:20 INFO  GreetingApp:79 - The generateMessage returned the message "Р”РѕР±СЂРѕР№ РЅРѕС‡Рё, РњРёСЂ!"
2016-04-10 21:03:21 INFO  Utf8Control:31 - Bundle is converted successful to UTF-8
2016-04-10 21:03:21 INFO  Utf8Control:31 - Bundle is converted successful to UTF-8
2016-04-10 21:03:21 INFO  GreetingApp:77 - Entering the generateMessage method
2016-04-10 21:03:21 INFO  GreetingApp:79 - The generateMessage returned the message "Р”РѕР±СЂС‹Р№ РґРµРЅСЊ, РњРёСЂ!"
2016-04-10 21:03:21 INFO  GreetingApp:77 - Entering the generateMessage method
2016-04-10 21:03:21 INFO  GreetingApp:79 - The generateMessage returned the message "Р”РѕР±СЂРѕРµ СѓС‚СЂРѕ, РњРёСЂ!"
2016-04-10 21:03:21 INFO  GreetingApp:77 - Entering the generateMessage method
2016-04-10 21:03:21 INFO  GreetingApp:79 - The generateMessage returned the message "Р”РѕР±СЂС‹Р№ РІРµС‡РµСЂ, РњРёСЂ!"
2016-04-10 21:03:21 INFO  GreetingApp:77 - Entering the generateMessage method
2016-04-10 21:03:21 INFO  GreetingApp:79 - The generateMessage returned the message "Р”РѕР±СЂРѕР№ РЅРѕС‡Рё, РњРёСЂ!"
2016-04-10 21:27:26 INFO  Utf8Control:31 - Bundle is converted successful to UTF-8
2016-04-10 21:27:26 INFO  Utf8Control:31 - Bundle is converted successful to UTF-8
2016-04-10 21:27:26 INFO  GreetingApp:77 - Entering the generateMessage method
2016-04-10 21:27:26 INFO  GreetingApp:79 - The generateMessage returned the message "Р”РѕР±СЂС‹Р№ РґРµРЅСЊ, РњРёСЂ!"
2016-04-10 21:27:26 INFO  GreetingApp:77 - Entering the generateMessage method
2016-04-10 21:27:26 INFO  GreetingApp:79 - The generateMessage returned the message "Р”РѕР±СЂРѕРµ СѓС‚СЂРѕ, РњРёСЂ!"
2016-04-10 21:27:26 INFO  GreetingApp:77 - Entering the generateMessage method
2016-04-10 21:27:26 INFO  GreetingApp:79 - The generateMessage returned the message "Р”РѕР±СЂС‹Р№ РІРµС‡РµСЂ, РњРёСЂ!"
2016-04-10 21:27:26 INFO  GreetingApp:77 - Entering the generateMessage method
2016-04-10 21:27:26 INFO  GreetingApp:79 - The generateMessage returned the message "Р”РѕР±СЂРѕР№ РЅРѕС‡Рё, РњРёСЂ!"
2016-04-10 21:39:53 INFO  GreetingApp:38 - The bundle is on language: СЂСѓСЃСЃРєРёР№
2016-04-10 21:39:53 INFO  GreetingApp:85 - Entering the printMessage method
2016-04-10 21:39:53 INFO  GreetingApp:47 - Entering the sayGreeting method
2016-04-10 21:39:53 INFO  GreetingApp:60 - The sayGreeting method returned the value "evening"
2016-04-10 21:39:53 INFO  GreetingApp:77 - Entering the generateMessage method
2016-04-10 21:39:53 INFO  GreetingApp:79 - The generateMessage returned the message "ГђВ”ГђВѕГђВ±Г‘ВЂГ‘В‹ГђВ№ ГђВІГђВµГ‘В‡ГђВµГ‘ВЂ, ГђВњГђВёГ‘ВЂ!"
2016-04-10 21:40:14 INFO  GreetingApp:38 - The bundle is on language: СЂСѓСЃСЃРєРёР№
2016-04-10 21:40:14 INFO  GreetingApp:85 - Entering the printMessage method
2016-04-10 21:40:14 INFO  GreetingApp:47 - Entering the sayGreeting method
2016-04-10 21:40:14 INFO  GreetingApp:60 - The sayGreeting method returned the value "evening"
2016-04-10 21:40:14 INFO  GreetingApp:77 - Entering the generateMessage method
2016-04-10 21:40:14 INFO  GreetingApp:79 - The generateMessage returned the message "ГђВ”ГђВѕГђВ±Г‘ВЂГ‘В‹ГђВ№ ГђВІГђВµГ‘В‡ГђВµГ‘ВЂ, ГђВњГђВёГ‘ВЂ!"
2016-04-11 21:33:29 INFO  GreetingApp:34 - The bundle is on language: СЂСѓСЃСЃРєРёР№
2016-04-11 21:33:29 INFO  GreetingApp:85 - Entering the printMessage method
2016-04-11 21:33:29 INFO  GreetingApp:47 - Entering the sayGreeting method
2016-04-11 21:33:29 INFO  GreetingApp:60 - The sayGreeting method returned the value "evening"
2016-04-11 21:33:29 INFO  GreetingApp:77 - Entering the generateMessage method
2016-04-11 21:33:29 INFO  GreetingApp:79 - The generateMessage returned the message "ГђВ”ГђВѕГђВ±Г‘ВЂГ‘В‹ГђВ№ ГђВІГђВµГ‘В‡ГђВµГ‘ВЂ, ГђВњГђВёГ‘ВЂ!"
2016-04-11 21:34:20 INFO  GreetingApp:77 - Entering the generateMessage method
2016-04-11 21:34:20 INFO  GreetingApp:79 - The generateMessage returned the message "ГђВ”ГђВѕГђВ±Г‘ВЂГ‘В‹ГђВ№ ГђВІГђВµГ‘В‡ГђВµГ‘ВЂ, ГђВњГђВёГ‘ВЂ!"
2016-04-11 21:39:59 INFO  GreetingApp:77 - Entering the generateMessage method
2016-04-11 21:39:59 INFO  GreetingApp:79 - The generateMessage returned the message "ГђВ”ГђВѕГђВ±Г‘ВЂГ‘В‹ГђВ№ ГђВІГђВµГ‘В‡ГђВµГ‘ВЂ, ГђВњГђВёГ‘ВЂ!"
2016-04-14 21:26:47 INFO  GreetingApp:77 - Entering the generateMessage method
2016-04-14 21:26:47 INFO  GreetingApp:79 - The generateMessage returned the message "ГђВ”ГђВѕГђВ±Г‘ВЂГ‘В‹ГђВ№ ГђВґГђВµГђВЅГ‘ВЊ, ГђВњГђВёГ‘ВЂ!"
2016-04-14 21:26:47 INFO  GreetingApp:77 - Entering the generateMessage method
2016-04-14 21:26:47 INFO  GreetingApp:79 - The generateMessage returned the message "ГђВ”ГђВѕГђВ±Г‘ВЂГђВѕГђВµ Г‘ВѓГ‘В‚Г‘ВЂГђВѕ, ГђВњГђВёГ‘ВЂ!"
2016-04-14 21:26:47 INFO  GreetingApp:77 - Entering the generateMessage method
2016-04-14 21:26:47 INFO  GreetingApp:79 - The generateMessage returned the message "ГђВ”ГђВѕГђВ±Г‘ВЂГ‘В‹ГђВ№ ГђВІГђВµГ‘В‡ГђВµГ‘ВЂ, ГђВњГђВёГ‘ВЂ!"
2016-04-14 21:26:47 INFO  GreetingApp:77 - Entering the generateMessage method
2016-04-14 21:26:47 INFO  GreetingApp:79 - The generateMessage returned the message "ГђВ”ГђВѕГђВ±Г‘ВЂГђВѕГђВ№ ГђВЅГђВѕГ‘В‡ГђВё, ГђВњГђВёГ‘ВЂ!"
2016-04-18 14:23:50 INFO  GreetingApp:34 - The bundle is on language: СЂСѓСЃСЃРєРёР№
2016-04-18 14:23:50 INFO  GreetingApp:85 - Entering the printMessage method
2016-04-18 14:23:50 INFO  GreetingApp:47 - Entering the sayGreeting method
2016-04-18 14:23:50 INFO  GreetingApp:55 - The sayGreeting method returned the value "day"
2016-04-18 14:23:50 INFO  GreetingApp:77 - Entering the generateMessage method
2016-04-18 14:23:50 INFO  GreetingApp:79 - The generateMessage returned the message "ГђВ”ГђВѕГђВ±Г‘ВЂГ‘В‹ГђВ№ ГђВґГђВµГђВЅГ‘ВЊ, ГђВњГђВёГ‘ВЂ!"
2016-04-18 14:24:32 INFO  GreetingApp:38 - The bundle is on language: СЂСѓСЃСЃРєРёР№
2016-04-18 14:24:32 INFO  GreetingApp:85 - Entering the printMessage method
2016-04-18 14:24:32 INFO  GreetingApp:47 - Entering the sayGreeting method
2016-04-18 14:24:32 INFO  GreetingApp:55 - The sayGreeting method returned the value "day"
2016-04-18 14:24:32 INFO  GreetingApp:77 - Entering the generateMessage method
2016-04-18 14:24:32 INFO  GreetingApp:79 - The generateMessage returned the message "Р”РѕР±СЂРѕРіРѕ РґРЅСЏ, РњРёСЂ!"
2016-04-18 14:34:13 INFO  GreetingApp:32 - The bundle is on language: СЂСѓСЃСЃРєРёР№
2016-04-18 14:34:13 INFO  GreetingApp:78 - Entering the printMessage method
2016-04-18 14:34:13 INFO  GreetingApp:40 - Entering the sayGreeting method
2016-04-18 14:34:13 INFO  GreetingApp:48 - The sayGreeting method returned the value "day"
2016-04-18 14:34:13 INFO  GreetingApp:70 - Entering the generateMessage method
2016-04-18 14:34:13 INFO  GreetingApp:72 - The generateMessage returned the message "Р”РѕР±СЂРѕРіРѕ РґРЅСЏ, РњРёСЂ!"
2016-04-18 14:35:19 INFO  GreetingApp:32 - The bundle is on language: СЂСѓСЃСЃРєРёР№
2016-04-18 14:35:19 INFO  GreetingApp:78 - Entering the printMessage method
2016-04-18 14:35:19 INFO  GreetingApp:40 - Entering the sayGreeting method
2016-04-18 14:35:19 INFO  GreetingApp:48 - The sayGreeting method returned the value "day"
2016-04-18 14:35:19 INFO  GreetingApp:70 - Entering the generateMessage method
2016-04-18 14:35:19 INFO  GreetingApp:72 - The generateMessage returned the message "Р”РѕР±СЂС‹Р№ РґРµРЅСЊ, РњРёСЂ!"
2016-04-18 14:40:16 INFO  GreetingApp:70 - Entering the generateMessage method
2016-04-18 14:40:16 INFO  GreetingApp:72 - The generateMessage returned the message "Р”РѕР±СЂРѕРµ СѓС‚СЂРѕ, РњРёСЂ!"
2016-04-18 14:40:16 INFO  GreetingApp:70 - Entering the generateMessage method
2016-04-18 14:40:16 INFO  GreetingApp:72 - The generateMessage returned the message "Р”РѕР±СЂС‹Р№ РґРµРЅСЊ, РњРёСЂ!"
2016-04-18 14:40:16 INFO  GreetingApp:70 - Entering the generateMessage method
2016-04-18 14:40:16 INFO  GreetingApp:72 - The generateMessage returned the message "Р”РѕР±СЂС‹Р№ РІРµС‡РµСЂ, РњРёСЂ!"
2016-04-18 14:40:16 INFO  GreetingApp:70 - Entering the generateMessage method
2016-04-18 14:40:16 INFO  GreetingApp:72 - The generateMessage returned the message "Р”РѕР±СЂРѕР№ РЅРѕС‡Рё, РњРёСЂ!"
2016-04-18 14:42:48 INFO  GreetingApp:70 - Entering the generateMessage method
2016-04-18 14:42:48 INFO  GreetingApp:72 - The generateMessage returned the message "Р”РѕР±СЂС‹Р№ РґРµРЅСЊ, РњРёСЂ!"
2016-04-18 14:42:48 INFO  GreetingApp:70 - Entering the generateMessage method
2016-04-18 14:42:48 INFO  GreetingApp:72 - The generateMessage returned the message "Р”РѕР±СЂРѕРµ СѓС‚СЂРѕ, РњРёСЂ!"
2016-04-18 14:42:48 INFO  GreetingApp:70 - Entering the generateMessage method
2016-04-18 14:42:48 INFO  GreetingApp:72 - The generateMessage returned the message "Р”РѕР±СЂС‹Р№ РІРµС‡РµСЂ, РњРёСЂ!"
2016-04-18 14:42:48 INFO  GreetingApp:70 - Entering the generateMessage method
2016-04-18 14:42:48 INFO  GreetingApp:72 - The generateMessage returned the message "Р”РѕР±СЂРѕР№ РЅРѕС‡Рё, РњРёСЂ!"
2016-04-18 14:50:06 INFO  GreetingApp:70 - Entering the generateMessage method
2016-04-18 14:50:06 INFO  GreetingApp:72 - The generateMessage returned the message "Guten Tag, Welt!"
2016-04-18 14:50:06 INFO  GreetingApp:70 - Entering the generateMessage method
2016-04-18 14:50:06 INFO  GreetingApp:72 - The generateMessage returned the message "Guten Morgen, Welt!"
2016-04-18 14:50:06 INFO  GreetingApp:70 - Entering the generateMessage method
2016-04-18 14:50:06 INFO  GreetingApp:72 - The generateMessage returned the message "Guten Abend Welt!"
2016-04-18 14:50:06 INFO  GreetingApp:70 - Entering the generateMessage method
2016-04-18 14:50:06 INFO  GreetingApp:72 - The generateMessage returned the message "Gute Nacht, Welt!"
2016-04-18 14:50:06 INFO  GreetingApp:70 - Entering the generateMessage method
2016-04-18 14:50:06 INFO  GreetingApp:72 - The generateMessage returned the message "Добрый день, Мир!"
2016-04-18 14:50:06 INFO  GreetingApp:70 - Entering the generateMessage method
2016-04-18 14:50:06 INFO  GreetingApp:72 - The generateMessage returned the message "Доброе утро, Мир!"
2016-04-18 14:50:06 INFO  GreetingApp:70 - Entering the generateMessage method
2016-04-18 14:50:06 INFO  GreetingApp:72 - The generateMessage returned the message "Добрый вечер, Мир!"
2016-04-18 14:50:06 INFO  GreetingApp:70 - Entering the generateMessage method
2016-04-18 14:50:06 INFO  GreetingApp:72 - The generateMessage returned the message "Доброй ночи, Мир!"
2016-04-18 14:50:06 INFO  GreetingApp:70 - Entering the generateMessage method
2016-04-18 14:50:06 INFO  GreetingApp:72 - The generateMessage returned the message "Guten Morgen, Welt!"
2016-04-18 14:50:06 INFO  GreetingApp:70 - Entering the generateMessage method
2016-04-18 14:50:06 INFO  GreetingApp:72 - The generateMessage returned the message "Guten Tag, Welt!"
2016-04-18 14:50:06 INFO  GreetingApp:70 - Entering the generateMessage method
2016-04-18 14:50:06 INFO  GreetingApp:72 - The generateMessage returned the message "Guten Abend Welt!"
2016-04-18 14:50:06 INFO  GreetingApp:70 - Entering the generateMessage method
2016-04-18 14:50:06 INFO  GreetingApp:72 - The generateMessage returned the message "Gute Nacht, Welt!"
2016-04-18 14:50:06 INFO  GreetingApp:70 - Entering the generateMessage method
2016-04-18 14:50:06 INFO  GreetingApp:72 - The generateMessage returned the message "Доброе утро, Мир!"
2016-04-18 14:50:06 INFO  GreetingApp:70 - Entering the generateMessage method
2016-04-18 14:50:06 INFO  GreetingApp:72 - The generateMessage returned the message "Добрый день, Мир!"
2016-04-18 14:50:06 INFO  GreetingApp:70 - Entering the generateMessage method
2016-04-18 14:50:06 INFO  GreetingApp:72 - The generateMessage returned the message "Добрый вечер, Мир!"
2016-04-18 14:50:06 INFO  GreetingApp:70 - Entering the generateMessage method
2016-04-18 14:50:06 INFO  GreetingApp:72 - The generateMessage returned the message "Доброй ночи, Мир!"
2016-04-18 14:50:06 INFO  GreetingApp:40 - Entering the sayGreeting method
2016-04-18 14:50:06 INFO  GreetingApp:48 - The sayGreeting method returned the value "day"
2016-04-18 14:50:06 INFO  GreetingApp:40 - Entering the sayGreeting method
2016-04-18 14:50:06 INFO  GreetingApp:43 - The sayGreeting method returned the value "morning"
2016-04-18 14:50:06 INFO  GreetingApp:40 - Entering the sayGreeting method
2016-04-18 14:50:06 INFO  GreetingApp:59 - The sayGreeting method returned the value "night"
2016-04-18 14:50:06 INFO  GreetingApp:40 - Entering the sayGreeting method
2016-04-18 14:50:06 INFO  GreetingApp:53 - The sayGreeting method returned the value "evening"
